<?xml version="1.0" encoding="UTF-8"?>
<testng-results ignored="0" total="1" passed="1" failed="0" skipped="0">
  <reporter-output>
  </reporter-output>
  <suite started-at="2024-12-17T10:14:31 IST" name="Default suite" finished-at="2024-12-17T10:14:46 IST" duration-ms="14483">
    <groups>
    </groups>
    <test started-at="2024-12-17T10:14:31 IST" name="Default test" finished-at="2024-12-17T10:14:46 IST" duration-ms="14483">
      <class name="CreateOrganisation_GenericUtility.CreateOrganisation">
        <test-method is-config="true" signature="beforeSuite()[pri:0, instance:CreateOrganisation_GenericUtility.CreateOrganisation@2a7f1f10]" started-at="2024-12-17T10:14:31 IST" name="beforeSuite" finished-at="2024-12-17T10:14:31 IST" duration-ms="7" status="PASS">
          <reporter-output>
          </reporter-output>
        </test-method> <!-- beforeSuite -->
        <test-method is-config="true" signature="beforeTest()[pri:0, instance:CreateOrganisation_GenericUtility.CreateOrganisation@2a7f1f10]" started-at="2024-12-17T10:14:31 IST" name="beforeTest" finished-at="2024-12-17T10:14:31 IST" duration-ms="0" status="PASS">
          <reporter-output>
          </reporter-output>
        </test-method> <!-- beforeTest -->
        <test-method is-config="true" signature="beforeClass()[pri:0, instance:CreateOrganisation_GenericUtility.CreateOrganisation@2a7f1f10]" started-at="2024-12-17T10:14:32 IST" name="beforeClass" finished-at="2024-12-17T10:14:34 IST" duration-ms="2677" status="PASS">
          <reporter-output>
          </reporter-output>
        </test-method> <!-- beforeClass -->
        <test-method is-config="true" signature="beforeMethod()[pri:0, instance:CreateOrganisation_GenericUtility.CreateOrganisation@2a7f1f10]" started-at="2024-12-17T10:14:34 IST" name="beforeMethod" finished-at="2024-12-17T10:14:36 IST" duration-ms="2306" status="PASS">
          <reporter-output>
          </reporter-output>
        </test-method> <!-- beforeMethod -->
        <test-method signature="Organisationcreation()[pri:0, instance:CreateOrganisation_GenericUtility.CreateOrganisation@2a7f1f10]" started-at="2024-12-17T10:14:36 IST" name="Organisationcreation" finished-at="2024-12-17T10:14:45 IST" duration-ms="8402" status="PASS">
          <reporter-output>
          </reporter-output>
        </test-method> <!-- Organisationcreation -->
        <test-method is-config="true" signature="afterMethod()[pri:0, instance:CreateOrganisation_GenericUtility.CreateOrganisation@2a7f1f10]" started-at="2024-12-17T10:14:45 IST" name="afterMethod" finished-at="2024-12-17T10:14:46 IST" duration-ms="854" status="PASS">
          <reporter-output>
          </reporter-output>
        </test-method> <!-- afterMethod -->
        <test-method is-config="true" signature="afterClass()[pri:0, instance:CreateOrganisation_GenericUtility.CreateOrganisation@2a7f1f10]" started-at="2024-12-17T10:14:46 IST" name="afterClass" finished-at="2024-12-17T10:14:46 IST" duration-ms="216" status="PASS">
          <reporter-output>
          </reporter-output>
        </test-method> <!-- afterClass -->
        <test-method is-config="true" signature="afterTest()[pri:0, instance:CreateOrganisation_GenericUtility.CreateOrganisation@2a7f1f10]" started-at="2024-12-17T10:14:46 IST" name="afterTest" finished-at="2024-12-17T10:14:46 IST" duration-ms="1" status="PASS">
          <reporter-output>
          </reporter-output>
        </test-method> <!-- afterTest -->
        <test-method is-config="true" signature="afterSuite()[pri:0, instance:CreateOrganisation_GenericUtility.CreateOrganisation@2a7f1f10]" started-at="2024-12-17T10:14:46 IST" name="afterSuite" finished-at="2024-12-17T10:14:46 IST" duration-ms="0" status="PASS">
          <reporter-output>
          </reporter-output>
        </test-method> <!-- afterSuite -->
      </class> <!-- CreateOrganisation_GenericUtility.CreateOrganisation -->
    </test> <!-- Default test -->
  </suite> <!-- Default suite -->
</testng-results>
