<?xml version="1.0" encoding="UTF-8"?>
<!-- Generated by org.testng.reporters.JUnitXMLReporter -->
<testsuite ignored="0" hostname="Chinmay" failures="0" tests="3" name="Listners" time="91.853" errors="0" timestamp="2024-12-16T10:46:40 IST">
  <testcase classname="Contactcreation_GenericUtility.V_tiger_ContactCreationAllScenarios" name="Contactcreation" time="21.009"/>
  <testcase classname="Contactcreation_GenericUtility.V_tiger_ContactCreationAllScenarios" name="CreateContactselectingSupportDate" time="16.536"/>
  <testcase classname="Contactcreation_GenericUtility.V_tiger_ContactCreationAllScenarios" name="CreateContactwithOrganizationName" time="33.677"/>
</testsuite> <!-- Listners -->
